Updated:ServiceDealz with 161 likes
Updated:BBkiVines with 2289774 likes
Updated:softwareassurance with 402 likes
Updated:ServiceDealz with 161 likes
Updated:BBkiVines with 2289786 likes
Updated:softwareassurance with 402 likes
Updated:ServiceDealz with 161 likes
Updated:BBkiVines with 2289802 likes
Updated:softwareassurance with 402 likes
Updated:ServiceDealz with 161 likes
Updated:BBkiVines with 2289808 likes
Updated:softwareassurance with 402 likes
Updated:ServiceDealz with 161 likes
Updated:BBkiVines with 2289825 likes
Updated:softwareassurance with 402 likes
2016-11-16T23:17:04+05:30
Updated:ServiceDealz with 161 likes
Updated:BBkiVines with 2289837 likes
Updated:softwareassurance with 402 likes
--------------------------------------------------------------------------------------
2016-11-16T23:18:04+05:30
Updated:ServiceDealz with 161 likes
Updated:BBkiVines with 2289846 likes
Updated:softwareassurance with 402 likes
--------------------------------------------------------------------------------------
2016-11-16T23:19:04+05:30
Updated:ServiceDealz with 161 likes
Updated:BBkiVines with 2289859 likes
Updated:softwareassurance with 402 likes
--------------------------------------------------------------------------------------
